<<<<<<< Updated upstream
[2023-09-27 03:42:47] Database do [SistemaID] conectada com sucesso ao servidor!
[2023-09-27 05:00:49] Database do [SistemaID] conectada com sucesso ao servidor!
[2023-09-27 06:12:28] Database do [SistemaID] conectada com sucesso ao servidor!
[2023-09-27 06:39:39] star_inventario: Inventory started.
[2023-09-27 07:17:25] Database do [SistemaID] conectada com sucesso ao servidor!
[2023-09-27 07:17:37] star_inventario: Inventory started.
[2023-09-27 12:36:43] Database do [SistemaID] conectada com sucesso ao servidor!
[2023-09-27 12:47:41] star_inventario: Inventory started.
[2023-09-27 13:04:48] Database do [SistemaID] conectada com sucesso ao servidor!
[2023-09-27 13:06:13] [[GlobalDrops]InventarioCompleto] Successfully connected to SQLITE database.
[2023-09-27 13:06:14] [[GlobalDrops]InventarioCompleto] Script developed by Chernaruz.
=======
[2023-09-26 23:23:06] star_inventario: Inventory started.
[2023-09-26 23:25:45] star_inventario: Inventory started.
[2023-09-26 23:30:40] star_inventario: Inventory started.
[2023-09-26 23:39:30] star_inventario: Inventory started.
[2023-09-26 23:45:06] star_inventario: Inventory started.
[2023-09-26 23:53:20] star_inventario: Inventory started.
[2023-09-26 23:53:26] star_inventario: Inventory started.
[2023-09-26 23:54:26] star_inventario: Inventory started.
[2023-09-27 00:04:29] star_inventario: Inventory started.
[2023-09-27 00:11:51] star_inventario: Inventory started.
[2023-09-27 00:13:31] star_inventario: Inventory started.
[2023-09-27 00:13:47] star_inventario: Inventory started.
[2023-09-27 00:14:07] star_inventario: Inventory started.
[2023-09-27 00:14:59] star_inventario: Inventory started.
>>>>>>> Stashed changes
